<?xml version="1.0" encoding="UTF-8"?>
<testng-results ignored="0" total="18" passed="18" failed="0" skipped="0">
  <reporter-output>
  </reporter-output>
  <suite started-at="2022-08-17T10:40:00 IST" name="All Test Suite" finished-at="2022-08-17T10:40:38 IST" duration-ms="37106">
    <groups>
      <group name="cucumber">
        <method signature="AbstractTestNGCucumberTests.runScenario(io.cucumber.testng.PickleWrapper,io.cucumber.testng.FeatureWrapper)[pri:0, instance:runner.TestRunner@2c767a52]" name="runScenario" class="io.cucumber.testng.AbstractTestNGCucumberTests"/>
      </group> <!-- cucumber -->
    </groups>
    <test started-at="2022-08-17T10:40:00 IST" name="D:/training/API/bdd" finished-at="2022-08-17T10:40:38 IST" duration-ms="37106">
      <class name="runner.TestRunner">
        <test-method is-config="true" signature="setUpClass()[pri:0, instance:runner.TestRunner@2c767a52]" started-at="2022-08-17T10:40:05 IST" name="setUpClass" finished-at="2022-08-17T10:40:09 IST" duration-ms="4100" status="PASS">
          <reporter-output>
          </reporter-output>
        </test-method> <!-- setUpClass -->
        <test-method signature="runScenario(io.cucumber.testng.PickleWrapper,io.cucumber.testng.FeatureWrapper)[pri:0, instance:runner.TestRunner@2c767a52]" started-at="2022-08-17T10:40:09 IST" name="runScenario" description="Runs Cucumber Scenarios" data-provider="scenarios" finished-at="2022-08-17T10:40:16 IST" duration-ms="6656" status="PASS">
          <params>
            <param index="0">
              <value>
                <![CDATA["Verify list of superHero"]]>
              </value>
            </param>
            <param index="1">
              <value>
                <![CDATA["Optional[Super Hero Feature]"]]>
              </value>
            </param>
          </params>
          <reporter-output>
          </reporter-output>
        </test-method> <!-- runScenario -->
        <test-method signature="runScenario(io.cucumber.testng.PickleWrapper,io.cucumber.testng.FeatureWrapper)[pri:0, instance:runner.TestRunner@2c767a52]" started-at="2022-08-17T10:40:16 IST" name="runScenario" description="Runs Cucumber Scenarios" data-provider="scenarios" finished-at="2022-08-17T10:40:22 IST" duration-ms="6373" status="PASS">
          <params>
            <param index="0">
              <value>
                <![CDATA["Verify displaying single superHero"]]>
              </value>
            </param>
            <param index="1">
              <value>
                <![CDATA["Optional[Super Hero Feature]"]]>
              </value>
            </param>
          </params>
          <reporter-output>
          </reporter-output>
        </test-method> <!-- runScenario -->
        <test-method signature="runScenario(io.cucumber.testng.PickleWrapper,io.cucumber.testng.FeatureWrapper)[pri:0, instance:runner.TestRunner@2c767a52]" started-at="2022-08-17T10:40:22 IST" name="runScenario" description="Runs Cucumber Scenarios" data-provider="scenarios" finished-at="2022-08-17T10:40:23 IST" duration-ms="908" status="PASS">
          <params>
            <param index="0">
              <value>
                <![CDATA["Verify invalid superHero id"]]>
              </value>
            </param>
            <param index="1">
              <value>
                <![CDATA["Optional[Super Hero Feature]"]]>
              </value>
            </param>
          </params>
          <reporter-output>
          </reporter-output>
        </test-method> <!-- runScenario -->
        <test-method signature="runScenario(io.cucumber.testng.PickleWrapper,io.cucumber.testng.FeatureWrapper)[pri:0, instance:runner.TestRunner@2c767a52]" started-at="2022-08-17T10:40:23 IST" name="runScenario" description="Runs Cucumber Scenarios" data-provider="scenarios" finished-at="2022-08-17T10:40:24 IST" duration-ms="1203" status="PASS">
          <params>
            <param index="0">
              <value>
                <![CDATA["Verify invalid url"]]>
              </value>
            </param>
            <param index="1">
              <value>
                <![CDATA["Optional[Super Hero Feature]"]]>
              </value>
            </param>
          </params>
          <reporter-output>
          </reporter-output>
        </test-method> <!-- runScenario -->
        <test-method signature="runScenario(io.cucumber.testng.PickleWrapper,io.cucumber.testng.FeatureWrapper)[pri:0, instance:runner.TestRunner@2c767a52]" started-at="2022-08-17T10:40:24 IST" name="runScenario" description="Runs Cucumber Scenarios" data-provider="scenarios" finished-at="2022-08-17T10:40:25 IST" duration-ms="695" status="PASS">
          <params>
            <param index="0">
              <value>
                <![CDATA["Verify that a superHero is created"]]>
              </value>
            </param>
            <param index="1">
              <value>
                <![CDATA["Optional[Super Hero Feature]"]]>
              </value>
            </param>
          </params>
          <reporter-output>
          </reporter-output>
        </test-method> <!-- runScenario -->
        <test-method signature="runScenario(io.cucumber.testng.PickleWrapper,io.cucumber.testng.FeatureWrapper)[pri:0, instance:runner.TestRunner@2c767a52]" started-at="2022-08-17T10:40:25 IST" name="runScenario" description="Runs Cucumber Scenarios" data-provider="scenarios" finished-at="2022-08-17T10:40:25 IST" duration-ms="453" status="PASS">
          <params>
            <param index="0">
              <value>
                <![CDATA["Verify that a superHero is not created with empty name value"]]>
              </value>
            </param>
            <param index="1">
              <value>
                <![CDATA["Optional[Super Hero Feature]"]]>
              </value>
            </param>
          </params>
          <reporter-output>
          </reporter-output>
        </test-method> <!-- runScenario -->
        <test-method signature="runScenario(io.cucumber.testng.PickleWrapper,io.cucumber.testng.FeatureWrapper)[pri:0, instance:runner.TestRunner@2c767a52]" started-at="2022-08-17T10:40:25 IST" name="runScenario" description="Runs Cucumber Scenarios" data-provider="scenarios" finished-at="2022-08-17T10:40:26 IST" duration-ms="431" status="PASS">
          <params>
            <param index="0">
              <value>
                <![CDATA["Verify that a superHero is not created with empty super value"]]>
              </value>
            </param>
            <param index="1">
              <value>
                <![CDATA["Optional[Super Hero Feature]"]]>
              </value>
            </param>
          </params>
          <reporter-output>
          </reporter-output>
        </test-method> <!-- runScenario -->
        <test-method signature="runScenario(io.cucumber.testng.PickleWrapper,io.cucumber.testng.FeatureWrapper)[pri:0, instance:runner.TestRunner@2c767a52]" started-at="2022-08-17T10:40:26 IST" name="runScenario" description="Runs Cucumber Scenarios" data-provider="scenarios" finished-at="2022-08-17T10:40:26 IST" duration-ms="330" status="PASS">
          <params>
            <param index="0">
              <value>
                <![CDATA["Verify that a superHero is not created with empty profession value"]]>
              </value>
            </param>
            <param index="1">
              <value>
                <![CDATA["Optional[Super Hero Feature]"]]>
              </value>
            </param>
          </params>
          <reporter-output>
          </reporter-output>
        </test-method> <!-- runScenario -->
        <test-method signature="runScenario(io.cucumber.testng.PickleWrapper,io.cucumber.testng.FeatureWrapper)[pri:0, instance:runner.TestRunner@2c767a52]" started-at="2022-08-17T10:40:26 IST" name="runScenario" description="Runs Cucumber Scenarios" data-provider="scenarios" finished-at="2022-08-17T10:40:26 IST" duration-ms="218" status="PASS">
          <params>
            <param index="0">
              <value>
                <![CDATA["Verify that a superHero is not created with empty age value"]]>
              </value>
            </param>
            <param index="1">
              <value>
                <![CDATA["Optional[Super Hero Feature]"]]>
              </value>
            </param>
          </params>
          <reporter-output>
          </reporter-output>
        </test-method> <!-- runScenario -->
        <test-method signature="runScenario(io.cucumber.testng.PickleWrapper,io.cucumber.testng.FeatureWrapper)[pri:0, instance:runner.TestRunner@2c767a52]" started-at="2022-08-17T10:40:26 IST" name="runScenario" description="Runs Cucumber Scenarios" data-provider="scenarios" finished-at="2022-08-17T10:40:27 IST" duration-ms="319" status="PASS">
          <params>
            <param index="0">
              <value>
                <![CDATA["Verify that a superHero is  created without canFly value"]]>
              </value>
            </param>
            <param index="1">
              <value>
                <![CDATA["Optional[Super Hero Feature]"]]>
              </value>
            </param>
          </params>
          <reporter-output>
          </reporter-output>
        </test-method> <!-- runScenario -->
        <test-method signature="runScenario(io.cucumber.testng.PickleWrapper,io.cucumber.testng.FeatureWrapper)[pri:0, instance:runner.TestRunner@2c767a52]" started-at="2022-08-17T10:40:27 IST" name="runScenario" description="Runs Cucumber Scenarios" data-provider="scenarios" finished-at="2022-08-17T10:40:28 IST" duration-ms="1303" status="PASS">
          <params>
            <param index="0">
              <value>
                <![CDATA["Verify that the user name is updated"]]>
              </value>
            </param>
            <param index="1">
              <value>
                <![CDATA["Optional[Super Hero Feature]"]]>
              </value>
            </param>
          </params>
          <reporter-output>
          </reporter-output>
        </test-method> <!-- runScenario -->
        <test-method signature="runScenario(io.cucumber.testng.PickleWrapper,io.cucumber.testng.FeatureWrapper)[pri:0, instance:runner.TestRunner@2c767a52]" started-at="2022-08-17T10:40:28 IST" name="runScenario" description="Runs Cucumber Scenarios" data-provider="scenarios" finished-at="2022-08-17T10:40:29 IST" duration-ms="1179" status="PASS">
          <params>
            <param index="0">
              <value>
                <![CDATA["Verify that the user super name is updated"]]>
              </value>
            </param>
            <param index="1">
              <value>
                <![CDATA["Optional[Super Hero Feature]"]]>
              </value>
            </param>
          </params>
          <reporter-output>
          </reporter-output>
        </test-method> <!-- runScenario -->
        <test-method signature="runScenario(io.cucumber.testng.PickleWrapper,io.cucumber.testng.FeatureWrapper)[pri:0, instance:runner.TestRunner@2c767a52]" started-at="2022-08-17T10:40:29 IST" name="runScenario" description="Runs Cucumber Scenarios" data-provider="scenarios" finished-at="2022-08-17T10:40:31 IST" duration-ms="1449" status="PASS">
          <params>
            <param index="0">
              <value>
                <![CDATA["Verify that the user profession is updated"]]>
              </value>
            </param>
            <param index="1">
              <value>
                <![CDATA["Optional[Super Hero Feature]"]]>
              </value>
            </param>
          </params>
          <reporter-output>
          </reporter-output>
        </test-method> <!-- runScenario -->
        <test-method signature="runScenario(io.cucumber.testng.PickleWrapper,io.cucumber.testng.FeatureWrapper)[pri:0, instance:runner.TestRunner@2c767a52]" started-at="2022-08-17T10:40:31 IST" name="runScenario" description="Runs Cucumber Scenarios" data-provider="scenarios" finished-at="2022-08-17T10:40:31 IST" duration-ms="787" status="PASS">
          <params>
            <param index="0">
              <value>
                <![CDATA["Verify that the user age is updated"]]>
              </value>
            </param>
            <param index="1">
              <value>
                <![CDATA["Optional[Super Hero Feature]"]]>
              </value>
            </param>
          </params>
          <reporter-output>
          </reporter-output>
        </test-method> <!-- runScenario -->
        <test-method signature="runScenario(io.cucumber.testng.PickleWrapper,io.cucumber.testng.FeatureWrapper)[pri:0, instance:runner.TestRunner@2c767a52]" started-at="2022-08-17T10:40:31 IST" name="runScenario" description="Runs Cucumber Scenarios" data-provider="scenarios" finished-at="2022-08-17T10:40:33 IST" duration-ms="1471" status="PASS">
          <params>
            <param index="0">
              <value>
                <![CDATA["Verify that the user canFly status is updated"]]>
              </value>
            </param>
            <param index="1">
              <value>
                <![CDATA["Optional[Super Hero Feature]"]]>
              </value>
            </param>
          </params>
          <reporter-output>
          </reporter-output>
        </test-method> <!-- runScenario -->
        <test-method signature="runScenario(io.cucumber.testng.PickleWrapper,io.cucumber.testng.FeatureWrapper)[pri:0, instance:runner.TestRunner@2c767a52]" started-at="2022-08-17T10:40:33 IST" name="runScenario" description="Runs Cucumber Scenarios" data-provider="scenarios" finished-at="2022-08-17T10:40:34 IST" duration-ms="671" status="PASS">
          <params>
            <param index="0">
              <value>
                <![CDATA["Verify that a invalid id cannot update"]]>
              </value>
            </param>
            <param index="1">
              <value>
                <![CDATA["Optional[Super Hero Feature]"]]>
              </value>
            </param>
          </params>
          <reporter-output>
          </reporter-output>
        </test-method> <!-- runScenario -->
        <test-method signature="runScenario(io.cucumber.testng.PickleWrapper,io.cucumber.testng.FeatureWrapper)[pri:0, instance:runner.TestRunner@2c767a52]" started-at="2022-08-17T10:40:34 IST" name="runScenario" description="Runs Cucumber Scenarios" data-provider="scenarios" finished-at="2022-08-17T10:40:34 IST" duration-ms="809" status="PASS">
          <params>
            <param index="0">
              <value>
                <![CDATA["Verify that the user is deleted"]]>
              </value>
            </param>
            <param index="1">
              <value>
                <![CDATA["Optional[Super Hero Feature]"]]>
              </value>
            </param>
          </params>
          <reporter-output>
          </reporter-output>
        </test-method> <!-- runScenario -->
        <test-method signature="runScenario(io.cucumber.testng.PickleWrapper,io.cucumber.testng.FeatureWrapper)[pri:0, instance:runner.TestRunner@2c767a52]" started-at="2022-08-17T10:40:34 IST" name="runScenario" description="Runs Cucumber Scenarios" data-provider="scenarios" finished-at="2022-08-17T10:40:35 IST" duration-ms="257" status="PASS">
          <params>
            <param index="0">
              <value>
                <![CDATA["Verify that the invalid user is deleted"]]>
              </value>
            </param>
            <param index="1">
              <value>
                <![CDATA["Optional[Super Hero Feature]"]]>
              </value>
            </param>
          </params>
          <reporter-output>
          </reporter-output>
        </test-method> <!-- runScenario -->
        <test-method is-config="true" signature="tearDownClass()[pri:0, instance:runner.TestRunner@2c767a52]" started-at="2022-08-17T10:40:35 IST" name="tearDownClass" finished-at="2022-08-17T10:40:38 IST" duration-ms="2893" status="PASS">
          <reporter-output>
          </reporter-output>
        </test-method> <!-- tearDownClass -->
      </class> <!-- runner.TestRunner -->
    </test> <!-- D:/training/API/bdd -->
  </suite> <!-- All Test Suite -->
</testng-results>
